INFO [3113] - 05/14/19 18:59:34 - 0:00:00 - ========== Running DOOM ==========
INFO [3113] - 05/14/19 18:59:34 - 0:00:00 - Experiment will be saved in: ./dumped/default/2r3wgyzct4
DEBUG [3113] - 05/14/19 18:59:34 - 0:00:00 - $HOME=/Users/renhanfei
DEBUG [3113] - 05/14/19 18:59:34 - 0:00:00 - CONFIGDIR=/Users/renhanfei/.matplotlib
DEBUG [3113] - 05/14/19 18:59:34 - 0:00:00 - matplotlib data path: /Users/renhanfei/anaconda3/envs/vizdoom_env/lib/python3.6/site-packages/matplotlib/mpl-data
DEBUG [3113] - 05/14/19 18:59:34 - 0:00:00 - loaded rc file /Users/renhanfei/.matplotlib/matplotlibrc
DEBUG [3113] - 05/14/19 18:59:34 - 0:00:00 - matplotlib version 3.0.3
DEBUG [3113] - 05/14/19 18:59:34 - 0:00:00 - interactive is False
DEBUG [3113] - 05/14/19 18:59:34 - 0:00:00 - platform is darwin
DEBUG [3113] - 05/14/19 18:59:34 - 0:00:00 - loaded modules: ['builtins', 'sys', '_frozen_importlib', '_imp', '_warnings', '_thread', '_weakref', '_frozen_importlib_external', '_io', 'marshal', 'posix', 'zipimport', 'encodings', 'codecs', '_codecs', 'encodings.aliases', 'encodings.utf_8', '_signal', '__main__', 'encodings.latin_1', 'io', 'abc', '_weakrefset', 'site', 'os', 'errno', 'stat', '_stat', 'posixpath', 'genericpath', 'os.path', '_collections_abc', '_sitebuiltins', 'sysconfig', '_sysconfigdata_m_darwin_darwin', '_osx_support', 're', 'enum', 'types', 'functools', '_functools', 'collections', 'operator', '_operator', 'keyword', 'heapq', '_heapq', 'itertools', 'reprlib', '_collections', 'weakref', 'collections.abc', 'sre_compile', '_sre', 'sre_parse', 'sre_constants', '_locale', 'copyreg', '_bootlocale', 'importlib', 'importlib._bootstrap', 'importlib._bootstrap_external', 'warnings', 'importlib.util', 'importlib.abc', 'importlib.machinery', 'contextlib', 'mpl_toolkits', 'argparse', 'copy', 'textwrap', 'gettext', 'locale', 'struct', '_struct', 'vizdoom', 'numpy', '__future__', 'numpy._globals', 'numpy.__config__', 'numpy.version', 'numpy._distributor_init', 'numpy.core', 'numpy.core.info', 'numpy.core.multiarray', 'numpy.core.overrides', 'datetime', 'time', 'math', '_datetime', 'numpy.core._multiarray_umath', 'numpy.compat', 'numpy.compat._inspect', 'numpy.compat.py3k', 'pathlib', 'fnmatch', 'ntpath', 'urllib', 'urllib.parse', 'numpy.core.umath', 'numpy.core.numerictypes', 'numbers', 'numpy.core._string_helpers', 'numpy.core._type_aliases', 'numpy.core._dtype', 'numpy.core.numeric', 'numpy.core._internal', 'ctypes', '_ctypes', 'ctypes._endian', 'pickle', '_compat_pickle', '_pickle', 'numpy.core.fromnumeric', 'numpy.core._methods', 'numpy.core.arrayprint', 'numpy.core.defchararray', 'numpy.core.records', 'numpy.core.memmap', 'numpy.core.function_base', 'numpy.core.machar', 'numpy.core.getlimits', 'numpy.core.shape_base', 'numpy.core.einsumfunc', 'numpy.core._add_newdocs', 'numpy.core._multiarray_tests', 'numpy.core._dtype_ctypes', 'numpy._pytesttester', 'numpy.lib', 'numpy.lib.info', 'numpy.lib.type_check', 'numpy.lib.ufunclike', 'numpy.lib.index_tricks', 'numpy.matrixlib', 'numpy.matrixlib.defmatrix', 'ast', '_ast', 'numpy.linalg', 'numpy.linalg.info', 'numpy.linalg.linalg', 'numpy.lib.twodim_base', 'numpy.linalg.lapack_lite', 'numpy.linalg._umath_linalg', 'numpy.lib.function_base', 'numpy.lib.utils', 'numpy.lib.histograms', 'numpy.lib.stride_tricks', 'numpy.lib.mixins', 'numpy.lib.nanfunctions', 'numpy.lib.shape_base', 'numpy.lib.scimath', 'numpy.lib.polynomial', 'numpy.lib.arraysetops', 'numpy.lib.npyio', 'numpy.lib.format', 'numpy.lib._datasource', 'shutil', 'zlib', 'bz2', '_compression', 'threading', 'traceback', 'linecache', 'tokenize', 'token', '_bz2', 'lzma', '_lzma', 'pwd', 'grp', 'numpy.lib._iotools', 'numpy.lib.financial', 'decimal', '_decimal', 'numpy.lib.arrayterator', 'numpy.lib.arraypad', 'numpy.lib._version', 'numpy.fft', 'numpy.fft.info', 'numpy.fft.fftpack', 'numpy.fft.fftpack_lite', 'numpy.fft.helper', 'numpy.polynomial', 'numpy.polynomial.polynomial', 'numpy.polynomial.polyutils', 'numpy.polynomial._polybase', 'numpy.polynomial.chebyshev', 'numpy.polynomial.legendre', 'numpy.polynomial.hermite', 'numpy.polynomial.hermite_e', 'numpy.polynomial.laguerre', 'numpy.random', 'numpy.random.mtrand', 'cython_runtime', 'mtrand', 'numpy.ctypeslib', 'numpy.ma', 'numpy.ma.core', 'numpy.ma.extras', 'numpy.testing', 'unittest', 'unittest.result', 'unittest.util', 'unittest.case', 'difflib', 'logging', 'string', '_string', 'atexit', 'pprint', 'unittest.suite', 'unittest.loader', 'unittest.main', 'unittest.runner', 'unittest.signals', 'signal', 'numpy.testing._private', 'numpy.testing._private.utils', 'gc', 'tempfile', 'random', 'hashlib', '_hashlib', '_blake2', '_sha3', 'bisect', '_bisect', '_random', 'numpy.testing._private.decorators', 'numpy.testing._private.nosetester', 'vizdoom.vizdoom', 'src', 'src.utils', 'json', 'json.decoder', 'json.scanner', '_json', 'json.encoder', 'inspect', 'dis', 'opcode', '_opcode', 'subprocess', '_posixsubprocess', 'select', 'selectors', 'torch', 'torch._utils', 'torch.version', 'torch._C', 'torch.random', 'torch.serialization', 'tarfile', 'torch._six', 'torch._tensor_str', 'torch.storage', 'torch.tensor', 'torch.functional', 'torch.cuda', 'platform', 'multiprocessing', 'multiprocessing.context', 'multiprocessing.process', 'multiprocessing.reduction', 'socket', '_socket', 'array', '__mp_main__', 'multiprocessing.util', 'torch.cuda.random', 'torch.cuda.sparse', 'torch.sparse', 'torch.cuda.profiler', 'torch.cuda.nvtx', 'torch.cuda.streams', 'torch.autograd', 'torch.autograd.variable', 'torch.utils', 'torch.utils.hooks', 'torch.autograd._functions', 'torch.autograd._functions.basic_ops', 'torch.autograd.function', 'torch.autograd._functions.utils', 'torch.autograd._functions.tensor', 'torch.autograd._functions.pointwise', 'torch._thnn', 'torch._thnn.utils', 'torch.autograd._functions.reduce', 'torch.autograd._functions.linalg', 'torch.autograd._functions.blas', 'torch.autograd._functions.stochastic', 'torch.autograd._functions.compare', 'torch.autograd._functions.initializers', 'torch.autograd.stochastic_function', 'torch.autograd.gradcheck', 'torch.autograd.profiler', 'torch.nn', 'torch.nn.modules', 'torch.nn.modules.module', 'torch.nn.backends', 'torch.nn.backends.thnn', 'torch.nn.backends.backend', 'torch.nn._functions', 'torch.nn._functions.thnn', 'torch.nn._functions.thnn.auto', 'torch.nn._functions.thnn.auto_double_backwards', 'torch.nn._functions.thnn.auto_symbolic', 'torch.nn._functions.thnn.normalization', 'torch.nn._functions.thnn.activation', 'torch.nn._functions.thnn.pooling', 'torch.nn.modules.utils', 'torch.nn._functions.thnn.sparse', 'torch.nn._functions.thnn.upsampling', 'torch.nn._functions.thnn.rnnFusedPointwise', 'torch.nn._functions.thnn.batchnorm_double_backwards', 'torch.nn._functions.rnn', 'torch.backends', 'torch.backends.cudnn', 'torch.nn.functional', 'torch.nn._functions.linear', 'torch.nn._functions.padding', 'torch.nn._functions.vision', 'torch.backends.cudnn.rnn', 'torch.nn._functions.dropout', 'torch.nn._functions.loss', 'torch.nn.parameter', 'torch.nn.modules.linear', 'torch.nn.modules.conv', 'torch.nn.modules.activation', 'torch.nn.modules.loss', 'torch.nn.modules.container', 'torch.nn.modules.pooling', 'torch.nn.modules.batchnorm', 'torch.nn.modules.instancenorm', 'torch.nn.modules.dropout', 'torch.nn.modules.padding', 'torch.nn.modules.normalization', 'torch.nn.modules.sparse', 'torch.nn.modules.rnn', 'torch.nn.utils', 'torch.nn.utils.rnn', 'torch.nn.utils.clip_grad', 'torch.nn.utils.weight_norm', 'torch.nn.utils.convert_parameters', 'torch.nn.modules.pixelshuffle', 'torch.nn.modules.upsampling', 'torch.nn.modules.distance', 'torch.nn.parallel', 'torch.nn.parallel.parallel_apply', 'torch.nn.parallel.replicate', 'torch.cuda.comm', 'torch.cuda.nccl', 'torch.nn.parallel.data_parallel', 'torch.nn.parallel.scatter_gather', 'torch.nn.parallel._functions', 'torch.nn.parallel.distributed', 'torch.distributed', 'queue', 'torch.nn.init', 'torch.optim', 'torch.optim.adadelta', 'torch.optim.optimizer', 'torch.optim.adagrad', 'torch.optim.adam', 'torch.optim.sparse_adam', 'torch.optim.adamax', 'torch.optim.asgd', 'torch.optim.sgd', 'torch.optim.rprop', 'torch.optim.rmsprop', 'torch.optim.lbfgs', 'torch.optim.lr_scheduler', 'torch.multiprocessing', 'torch.multiprocessing.reductions', 'multiprocessing.resource_sharer', 'torch.utils.backcompat', 'torch.onnx', 'torch.jit', 'torch.jit.passes', 'torch.jit.passes.inplace', 'torch.distributions', 'torch._torch_docs', 'torch._tensor_docs', 'torch._storage_docs', 'src.logger', 'src.health_gathering', 'src.utils2', 'cv2', 'cv2.Error', 'cv2.cuda', 'cv2.detail', 'cv2.dnn', 'cv2.fisheye', 'cv2.flann', 'cv2.instr', 'cv2.ipp', 'cv2.ml', 'cv2.ocl', 'cv2.ogl', 'cv2.samples', 'cv2.utils', 'cv2.videoio_registry', 'cv2.cv2', 'cv2.data', 'src.labels', 'src.feedforward', 'src.base', 'src.utils3', 'src.trainer', 'patch_bot', 'matplotlib', 'distutils', 'distutils.version', 'urllib.request', 'base64', 'binascii', 'email', 'http', 'http.client', 'email.parser', 'email.feedparser', 'email.errors', 'email._policybase', 'email.header', 'email.quoprimime', 'email.base64mime', 'email.charset', 'email.encoders', 'quopri', 'email.utils', 'email._parseaddr', 'calendar', 'email.message', 'uu', 'email._encoded_words', 'email.iterators', 'ssl', 'ipaddress', '_ssl', 'urllib.error', 'urllib.response', '_scproxy', 'matplotlib.cbook', 'glob', 'gzip', 'matplotlib.cbook.deprecation', 'matplotlib.rcsetup', 'matplotlib.fontconfig_pattern', 'pyparsing', 'matplotlib.colors', 'matplotlib._color_data', 'cycler', 'six', 'six.moves', 'matplotlib._version', 'dateutil', 'dateutil._version']
DEBUG [3113] - 05/14/19 18:59:34 - 0:00:00 - CACHEDIR=/Users/renhanfei/.matplotlib
DEBUG [3113] - 05/14/19 18:59:34 - 0:00:00 - Using fontManager instance from /Users/renhanfei/.matplotlib/fontlist-v300.json
DEBUG [3113] - 05/14/19 18:59:34 - 0:00:00 - Loaded backend TkAgg version unknown.
INFO [3113] - 05/14/19 18:59:34 - 0:00:00 - scenario: health_gathering
                                            map_ids_train: [1]
                                            map_ids_test: [1]
                                            freedoom: False
                                            height: 60
                                            width: 108
                                            gray: False
                                            use_screen_buffer: True
                                            use_depth_buffer: False
                                            labels_mapping: 
                                            game_features: 
                                            render_hud: False
                                            render_crosshair: True
                                            render_weapon: True
                                            hist_size: 4
                                            frame_skip: 5
                                            action_combinations: move_fb;turn_lr
                                            freelook: False
                                            speed: off
                                            crouch: off
                                            manual_control: False
                                            players_per_game: 1
                                            player_rank: 0
                                            dump_path: ./dumped/default/2r3wgyzct4
                                            visualize: False
                                            evaluate: 0
                                            human_player: False
                                            reload: 
                                            dump_freq: 0
                                            gpu_id: -1
                                            log_frequency: 100
                                            network_type: dqn_ff
                                            use_bn: False
                                            batch_size: 32
                                            replay_memory_size: 1000000
                                            start_decay: 0
                                            stop_decay: 1000000
                                            final_decay: 0.1
                                            gamma: 0.99
                                            dueling_network: False
                                            recurrence: 
                                            clip_delta: 1.0
                                            variable_dim: [32]
                                            bucket_size: [1]
                                            hidden_dim: 512
                                            update_frequency: 4
                                            dropout: 0.0
                                            optimizer: rmsprop,lr=0.0002
                                            supreme: True
                                            game_variables: [('health', 101)]
                                            n_variables: 1
                                            n_features: 0
                                            n_fm: 3
                                            use_continuous: False
                                            episode_time: 120
                                            eval_freq: 30000
                                            eval_episodes: 20
INFO [3113] - 05/14/19 18:59:34 - 0:00:00 - 9 available buttons: ['MOVE_FORWARD', 'MOVE_BACKWARD', 'TURN_LEFT', 'TURN_RIGHT', 'MOVE_LEFT', 'MOVE_RIGHT', 'ATTACK', 'SPEED', 'CROUCH']
INFO [3113] - 05/14/19 18:59:34 - 0:00:00 - 8 available actions:
                                            ['TURN_LEFT']
                                            ['TURN_RIGHT']
                                            ['MOVE_FORWARD']
                                            ['MOVE_FORWARD', 'TURN_LEFT']
                                            ['MOVE_FORWARD', 'TURN_RIGHT']
                                            ['MOVE_BACKWARD']
                                            ['MOVE_BACKWARD', 'TURN_LEFT']
                                            ['MOVE_BACKWARD', 'TURN_RIGHT']
INFO [3113] - 05/14/19 18:59:34 - 0:00:00 - Reward values:
INFO [3113] - 05/14/19 18:59:34 - 0:00:00 - {'BASE_REWARD': 0.01, 'DISTANCE': 0.0, 'KILL': 5.0, 'DEATH': -5.0, 'SUICIDE': -5.0, 'MEDIKIT': 1, 'ARMOR': 1.0, 'INJURED': 0, 'WEAPON': 1.0, 'AMMO': 1.0, 'USE_AMMO': -0.2}
INFO [3113] - 05/14/19 18:59:34 - 0:00:00 - Input shape: (3, 60, 108)
INFO [3113] - 05/14/19 18:59:34 - 0:00:00 - Conv layer output dim : 4608
INFO [3113] - 05/14/19 18:59:34 - 0:00:00 - Hidden layer input dim: 4640
INFO [3113] - 05/14/19 18:59:34 - 0:00:00 - Starting experiment...
INFO [3113] - 05/14/19 18:59:34 - 0:00:00 - Training on map 1 ...
